# JRE version: OpenJDK Runtime Environment (17.0.6) (build 17.0.6+0-b2043.56-10027231)
# Java VM: OpenJDK 64-Bit Server VM (17.0.6+0-b2043.56-10027231, mixed mode, tiered, compressed oops, compressed class ptrs, g1 gc, windows-amd64)
GC Precious Log:
 CPUs: 8 total, 8 available
 Memory: 16159M
 Large Page Support: Disabled
 NUMA Support: Disabled
 Compressed Oops: Enabled (32-bit)
 Heap Region Size: 1M
 Heap Min Capacity: 8M
 Heap Initial Capacity: 254M
 Heap Max Capacity: 2G
 Pre-touch: Disabled
 Parallel Workers: 8
 Concurrent Workers: 2
 Concurrent Refinement Workers: 8
 Periodic GC: Disabled
Heap:
 garbage-first heap   total 260096K, used 150895K [0x0000000080000000, 0x0000000100000000)
  region size 1024K, 54 young (55296K), 15 survivors (15360K)
 Metaspace       used 151049K, committed 151936K, reserved 1187840K
  class space    used 20282K, committed 20736K, reserved 1048576K
GC Heap History (20 events):
Event: 16.083 GC heap before
{Heap before GC invocations=28 (full 0):
 garbage-first heap   total 321536K, used 240836K [0x0000000080000000, 0x0000000100000000)
  region size 1024K, 153 young (156672K), 17 survivors (17408K)
 Metaspace       used 102772K, committed 103552K, reserved 1138688K
  class space    used 14061K, committed 14400K, reserved 1048576K
}
Event: 16.096 GC heap after
{Heap after GC invocations=29 (full 0):
 garbage-first heap   total 321536K, used 111685K [0x0000000080000000, 0x0000000100000000)
  region size 1024K, 11 young (11264K), 11 survivors (11264K)
 Metaspace       used 102772K, committed 103552K, reserved 1138688K
  class space    used 14061K, committed 14400K, reserved 1048576K
}
Event: 16.341 GC heap before
{Heap before GC invocations=29 (full 0):
 garbage-first heap   total 321536K, used 131141K [0x0000000080000000, 0x0000000100000000)
  region size 1024K, 32 young (32768K), 11 survivors (11264K)
 Metaspace       used 106909K, committed 107776K, reserved 1146880K
  class space    used 14639K, committed 15040K, reserved 1048576K
}
Event: 16.350 GC heap after
{Heap after GC invocations=30 (full 0):
 garbage-first heap   total 321536K, used 111832K [0x0000000080000000, 0x0000000100000000)
  region size 1024K, 11 young (11264K), 11 survivors (11264K)
 Metaspace       used 106909K, committed 107776K, reserved 1146880K
  class space    used 14639K, committed 15040K, reserved 1048576K
}
Event: 3181.988 GC heap before
{Heap before GC invocations=31 (full 0):
 garbage-first heap   total 321536K, used 258264K [0x0000000080000000, 0x0000000100000000)
  region size 1024K, 148 young (151552K), 11 survivors (11264K)
 Metaspace       used 120901K, committed 121728K, reserved 1155072K
  class space    used 16842K, committed 17216K, reserved 1048576K
}
Event: 3181.998 GC heap after
{Heap after GC invocations=32 (full 0):
 garbage-first heap   total 321536K, used 112533K [0x0000000080000000, 0x0000000100000000)
  region size 1024K, 6 young (6144K), 6 survivors (6144K)
 Metaspace       used 120901K, committed 121728K, reserved 1155072K
  class space    used 16842K, committed 17216K, reserved 1048576K
}
Event: 3616.465 GC heap before
{Heap before GC invocations=32 (full 0):
 garbage-first heap   total 321536K, used 119701K [0x0000000080000000, 0x0000000100000000)
  region size 1024K, 14 young (14336K), 6 survivors (6144K)
 Metaspace       used 120919K, committed 121728K, reserved 1155072K
  class space    used 16843K, committed 17216K, reserved 1048576K
}
Event: 3616.566 GC heap after
{Heap after GC invocations=33 (full 1):
 garbage-first heap   total 260096K, used 74109K [0x0000000080000000, 0x0000000100000000)
  region size 1024K, 0 young (0K), 0 survivors (0K)
 Metaspace       used 120035K, committed 121728K, reserved 1155072K
  class space    used 16663K, committed 17216K, reserved 1048576K
}
Event: 4238.668 GC heap before
{Heap before GC invocations=33 (full 1):
 garbage-first heap   total 260096K, used 200061K [0x0000000080000000, 0x0000000100000000)
  region size 1024K, 124 young (126976K), 0 survivors (0K)
 Metaspace       used 126045K, committed 126720K, reserved 1163264K
  class space    used 17431K, committed 17728K, reserved 1048576K
}
Event: 4238.679 GC heap after
{Heap after GC invocations=34 (full 1):
 garbage-first heap   total 260096K, used 86646K [0x0000000080000000, 0x0000000100000000)
  region size 1024K, 13 young (13312K), 13 survivors (13312K)
 Metaspace       used 126045K, committed 126720K, reserved 1163264K
  class space    used 17431K, committed 17728K, reserved 1048576K
}
Event: 4239.065 GC heap before
{Heap before GC invocations=34 (full 1):
 garbage-first heap   total 260096K, used 201334K [0x0000000080000000, 0x0000000100000000)
  region size 1024K, 123 young (125952K), 13 survivors (13312K)
 Metaspace       used 127650K, committed 128384K, reserved 1163264K
  class space    used 17647K, committed 18048K, reserved 1048576K
}
Event: 4239.076 GC heap after
{Heap after GC invocations=35 (full 1):
 garbage-first heap   total 260096K, used 95784K [0x0000000080000000, 0x0000000100000000)
  region size 1024K, 8 young (8192K), 8 survivors (8192K)
 Metaspace       used 127650K, committed 128384K, reserved 1163264K
  class space    used 17647K, committed 18048K, reserved 1048576K
}
Event: 4239.997 GC heap before
{Heap before GC invocations=35 (full 1):
 garbage-first heap   total 260096K, used 227880K [0x0000000080000000, 0x0000000100000000)
  region size 1024K, 113 young (115712K), 8 survivors (8192K)
 Metaspace       used 133976K, committed 134720K, reserved 1171456K
  class space    used 18327K, committed 18688K, reserved 1048576K
}
Event: 4240.002 GC heap after
{Heap after GC invocations=36 (full 1):
 garbage-first heap   total 260096K, used 95814K [0x0000000080000000, 0x0000000100000000)
  region size 1024K, 10 young (10240K), 10 survivors (10240K)
 Metaspace       used 133976K, committed 134720K, reserved 1171456K
  class space    used 18327K, committed 18688K, reserved 1048576K
}
Event: 4241.736 GC heap before
{Heap before GC invocations=36 (full 1):
 garbage-first heap   total 260096K, used 205382K [0x0000000080000000, 0x0000000100000000)
  region size 1024K, 118 young (120832K), 10 survivors (10240K)
 Metaspace       used 138829K, committed 139648K, reserved 1171456K
  class space    used 18819K, committed 19200K, reserved 1048576K
}
Event: 4241.744 GC heap after
{Heap after GC invocations=37 (full 1):
 garbage-first heap   total 260096K, used 101427K [0x0000000080000000, 0x0000000100000000)
  region size 1024K, 9 young (9216K), 9 survivors (9216K)
 Metaspace       used 138829K, committed 139648K, reserved 1171456K
  class space    used 18819K, committed 19200K, reserved 1048576K
}
Event: 4249.038 GC heap before
{Heap before GC invocations=37 (full 1):
 garbage-first heap   total 260096K, used 204851K [0x0000000080000000, 0x0000000100000000)
  region size 1024K, 111 young (113664K), 9 survivors (9216K)
 Metaspace       used 140608K, committed 141440K, reserved 1171456K
  class space    used 18998K, committed 19392K, reserved 1048576K
}
Event: 4249.044 GC heap after
{Heap after GC invocations=38 (full 1):
 garbage-first heap   total 260096K, used 102551K [0x0000000080000000, 0x0000000100000000)
  region size 1024K, 8 young (8192K), 8 survivors (8192K)
 Metaspace       used 140608K, committed 141440K, reserved 1171456K
  class space    used 18998K, committed 19392K, reserved 1048576K
}
Event: 4249.981 GC heap before
{Heap before GC invocations=38 (full 1):
 garbage-first heap   total 260096K, used 213143K [0x0000000080000000, 0x0000000100000000)
  region size 1024K, 113 young (115712K), 8 survivors (8192K)
 Metaspace       used 150611K, committed 151488K, reserved 1179648K
  class space    used 20268K, committed 20736K, reserved 1048576K
}
Event: 4249.991 GC heap after
{Heap after GC invocations=39 (full 1):
 garbage-first heap   total 260096K, used 113007K [0x0000000080000000, 0x0000000100000000)
  region size 1024K, 15 young (15360K), 15 survivors (15360K)
 Metaspace       used 150611K, committed 151488K, reserved 1179648K
  class space    used 20268K, committed 20736K, reserved 1048576K
}

